========================================================================
CERTIFICATE (L1 Arb): d2log I_L/dM2 < 0
Region: d in {3,4}, p in (d,d+1), M in [2,20]
Method: monotone-increase in M, Arb-certified dh/dM > 0
========================================================================

  d       p      M           h_val        h_upper        dh/dM        dh/dp
---------------------------------------------------------------------------
  3  3.1000    2.0       -4.537913      -4.537913          nan    -0.584757
  3  3.1000    3.0       -1.088425      -1.088425     1.107264    -0.185741
  3  3.1000    5.0       -0.252156      -0.252156     0.133408    -0.046442
  3  3.1000    7.0       -0.106521      -0.106521     0.037690    -0.019286
  3  3.1000   10.0       -0.045095      -0.045095     0.010592    -0.007802
  3  3.1000   15.0       -0.017786      -0.017786     0.002663    -0.002858
  3  3.1000   20.0       -0.009395      -0.009395     0.001030    -0.001415
  3  3.2000    2.0       -4.594250      -4.594250          nan    -0.542143
  3  3.2000    3.0       -1.106741      -1.106741     1.123823    -0.180565
  3  3.2000    5.0       -0.256792      -0.256792     0.135846    -0.046261
  3  3.2000    7.0       -0.108455      -0.108455     0.038397    -0.019390
  3  3.2000   10.0       -0.045881      -0.045881     0.010787    -0.007913
  3  3.2000   15.0       -0.018076      -0.018076     0.002711    -0.002931
  3  3.2000   20.0       -0.009539      -0.009539     0.001048    -0.001465
  3  3.3000    2.0       -4.646378      -4.646378          nan    -0.500631
  3  3.3000    3.0       -1.124537      -1.124537     1.139507    -0.175347
  3  3.3000    5.0       -0.261408      -0.261408     0.138245    -0.046064
  3  3.3000    7.0       -0.110399      -0.110399     0.039101    -0.019485
  3  3.3000   10.0       -0.046677      -0.046677     0.010984    -0.008018
  3  3.3000   15.0       -0.018372      -0.018372     0.002758    -0.003001
  3  3.3000   20.0       -0.009688      -0.009688     0.001065    -0.001513
  3  3.4000    2.0       -4.694418      -4.694418          nan    -0.460383
  3  3.4000    3.0       -1.141809      -1.141809     1.154316    -0.170100
  3  3.4000    5.0       -0.266004      -0.266004     0.140604    -0.045852
  3  3.4000    7.0       -0.112352      -0.112352     0.039802    -0.019570
  3  3.4000   10.0       -0.047484      -0.047484     0.011181    -0.008117
  3  3.4000   15.0       -0.018676      -0.018676     0.002806    -0.003067
  3  3.4000   20.0       -0.009842      -0.009842     0.001083    -0.001559
  3  3.5000    2.0       -4.738502      -4.738502          nan    -0.421546
  3  3.5000    3.0       -1.158556      -1.158556     1.168253    -0.164838
  3  3.5000    5.0       -0.270578      -0.270578     0.142923    -0.045627
  3  3.5000    7.0       -0.114313      -0.114313     0.040499    -0.019648
  3  3.5000   10.0       -0.048301      -0.048301     0.011379    -0.008211
  3  3.5000   15.0       -0.018985      -0.018985     0.002855    -0.003130
  3  3.5000   20.0       -0.010000      -0.010000     0.001102    -0.001602
  3  3.6000    2.0       -4.778778      -4.778778          nan    -0.384247
  3  3.6000    3.0       -1.174777      -1.174777     1.181325    -0.159572
  3  3.6000    5.0       -0.275129      -0.275129     0.145202    -0.045390
  3  3.6000    7.0       -0.116281      -0.116281     0.041192    -0.019719
  3  3.6000   10.0       -0.049126      -0.049126     0.011578    -0.008300
  3  3.6000   15.0       -0.019301      -0.019301     0.002904    -0.003190
  3  3.6000   20.0       -0.010162      -0.010162     0.001120    -0.001644
  3  3.7000    2.0       -4.815406      -4.815406          nan    -0.348596
  3  3.7000    3.0       -1.190471      -1.190471     1.193539    -0.154316
  3  3.7000    5.0       -0.279656      -0.279656     0.147439    -0.045143
  3  3.7000    7.0       -0.118256      -0.118256     0.041882    -0.019785
  3  3.7000   10.0       -0.049960      -0.049960     0.011776    -0.008385
  3  3.7000   15.0       -0.019623      -0.019623     0.002954    -0.003247
  3  3.7000   20.0       -0.010329      -0.010329     0.001139    -0.001684
  3  3.8000    2.0       -4.848555      -4.848555          nan    -0.314681
  3  3.8000    3.0       -1.205641      -1.205641     1.204906    -0.149081
  3  3.8000    5.0       -0.284157      -0.284157     0.149635    -0.044888
  3  3.8000    7.0       -0.120238      -0.120238     0.042568    -0.019845
  3  3.8000   10.0       -0.050803      -0.050803     0.011976    -0.008467
  3  3.8000   15.0       -0.019951      -0.019951     0.003004    -0.003302
  3  3.8000   20.0       -0.010499      -0.010499     0.001158    -0.001722
  3  3.9000    2.0       -4.878403      -4.878403          nan    -0.282572
  3  3.9000    3.0       -1.220289      -1.220289     1.215438    -0.143880
  3  3.9000    5.0       -0.288633      -0.288633     0.151789    -0.044624
  3  3.9000    7.0       -0.122225      -0.122225     0.043251    -0.019902
  3  3.9000   10.0       -0.051654      -0.051654     0.012176    -0.008545
  3  3.9000   15.0       -0.020284      -0.020284     0.003055    -0.003355
  3  3.9000   20.0       -0.010673      -0.010673     0.001178    -0.001759
  3  3.9900    2.0       -4.902594      -4.902594          nan    -0.255259
  3  3.9900    3.0       -1.233028      -1.233028     1.224217    -0.139236
  3  3.9900    5.0       -0.292638      -0.292638     0.153691    -0.044382
  3  3.9900    7.0       -0.124019      -0.124019     0.043861    -0.019950
  3  3.9900   10.0       -0.052426      -0.052426     0.012356    -0.008614
  3  3.9900   15.0       -0.020588      -0.020588     0.003100    -0.003402
  3  3.9900   20.0       -0.010833      -0.010833     0.001196    -0.001791
  4  4.1000    2.0       -5.497219      -5.497219          nan    -0.186337
  4  4.1000    3.0       -1.420148      -1.420148     1.377823    -0.122619
  4  4.1000    5.0       -0.348942      -0.348942     0.178978    -0.042404
  4  4.1000    7.0       -0.150748      -0.150748     0.052194    -0.019506
  4  4.1000   10.0       -0.064805      -0.064805     0.014999    -0.008527
  4  4.1000   15.0       -0.025839      -0.025839     0.003834    -0.003390
  4  4.1000   20.0       -0.013715      -0.013715     0.001495    -0.001790
  4  4.2000    2.0       -5.514567      -5.514567          nan    -0.160980
  4  4.2000    3.0       -1.432142      -1.432142     1.384676    -0.117271
  4  4.2000    5.0       -0.353163      -0.353163     0.180877    -0.042006
  4  4.2000    7.0       -0.152698      -0.152698     0.052840    -0.019504
  4  4.2000   10.0       -0.065660      -0.065660     0.015196    -0.008577
  4  4.2000   15.0       -0.026180      -0.026180     0.003885    -0.003429
  4  4.2000   20.0       -0.013896      -0.013896     0.001514    -0.001818
  4  4.3000    2.0       -5.529482      -5.529482          nan    -0.137653
  4  4.3000    3.0       -1.443606      -1.443606     1.390768    -0.112033
  4  4.3000    5.0       -0.357343      -0.357343     0.182726    -0.041607
  4  4.3000    7.0       -0.154648      -0.154648     0.053479    -0.019501
  4  4.3000   10.0       -0.066520      -0.066520     0.015392    -0.008627
  4  4.3000   15.0       -0.026525      -0.026525     0.003936    -0.003466
  4  4.3000   20.0       -0.014079      -0.014079     0.001534    -0.001845
  4  4.4000    2.0       -5.542164      -5.542164          nan    -0.116312
  4  4.4000    3.0       -1.454552      -1.454552     1.396127    -0.106911
  4  4.4000    5.0       -0.361484      -0.361484     0.184527    -0.041206
  4  4.4000    7.0       -0.156598      -0.156598     0.054113    -0.019497
  4  4.4000   10.0       -0.067386      -0.067386     0.015588    -0.008675
  4  4.4000   15.0       -0.026874      -0.026874     0.003988    -0.003503
  4  4.4000   20.0       -0.014265      -0.014265     0.001554    -0.001871
  4  4.5000    2.0       -5.552809      -5.552809          nan    -0.096901
  4  4.5000    3.0       -1.464992      -1.464992     1.400783    -0.101914
  4  4.5000    5.0       -0.365585      -0.365585     0.186280    -0.040805
  4  4.5000    7.0       -0.158548      -0.158548     0.054741    -0.019492
  4  4.5000   10.0       -0.068255      -0.068255     0.015785    -0.008723
  4  4.5000   15.0       -0.027226      -0.027226     0.004039    -0.003539
  4  4.5000   20.0       -0.014453      -0.014453     0.001575    -0.001896
  4  4.6000    2.0       -5.561606      -5.561606          nan    -0.079351
  4  4.6000    3.0       -1.474939      -1.474939     1.404768    -0.097049
  4  4.6000    5.0       -0.369645      -0.369645     0.187983    -0.040404
  4  4.6000    7.0       -0.160497      -0.160497     0.055363    -0.019486
  4  4.6000   10.0       -0.069130      -0.069130     0.015981    -0.008769
  4  4.6000   15.0       -0.027582      -0.027582     0.004091    -0.003575
  4  4.6000   20.0       -0.014644      -0.014644     0.001595    -0.001921
  4  4.7000    2.0       -5.568739      -5.568739          nan    -0.063584
  4  4.7000    3.0       -1.484407      -1.484407     1.408114    -0.092320
  4  4.7000    5.0       -0.373665      -0.373665     0.189639    -0.040003
  4  4.7000    7.0       -0.162445      -0.162445     0.055979    -0.019480
  4  4.7000   10.0       -0.070009      -0.070009     0.016177    -0.008815
  4  4.7000   15.0       -0.027941      -0.027941     0.004143    -0.003609
  4  4.7000   20.0       -0.014837      -0.014837     0.001616    -0.001945
  4  4.8000    2.0       -5.574380      -5.574380          nan    -0.049515
  4  4.8000    3.0       -1.493408      -1.493408     1.410853    -0.087735
  4  4.8000    5.0       -0.377646      -0.377646     0.191246    -0.039603
  4  4.8000    7.0       -0.164393      -0.164393     0.056589    -0.019473
  4  4.8000   10.0       -0.070893      -0.070893     0.016373    -0.008861
  4  4.8000   15.0       -0.028303      -0.028303     0.004196    -0.003643
  4  4.8000   20.0       -0.015033      -0.015033     0.001636    -0.001969
  4  4.9000    2.0       -5.578695      -5.578695          nan    -0.037051
  4  4.9000    3.0       -1.501959      -1.501959     1.413019    -0.083298
  4  4.9000    5.0       -0.381586      -0.381586     0.192806    -0.039205
  4  4.9000    7.0       -0.166340      -0.166340     0.057194    -0.019465
  4  4.9000   10.0       -0.071781      -0.071781     0.016569    -0.008906
  4  4.9000   15.0       -0.028669      -0.028669     0.004248    -0.003677
  4  4.9000   20.0       -0.015231      -0.015231     0.001657    -0.001992
  4  4.9900    2.0       -5.581574      -5.581574          nan    -0.027128
  4  4.9900    3.0       -1.509281      -1.509281     1.414506    -0.079434
  4  4.9900    5.0       -0.385098      -0.385098     0.194169    -0.038847
  4  4.9900    7.0       -0.168091      -0.168091     0.057733    -0.019458
  4  4.9900   10.0       -0.072585      -0.072585     0.016746    -0.008945
  4  4.9900   15.0       -0.029002      -0.029002     0.004296    -0.003706
  4  4.9900   20.0       -0.015411      -0.015411     0.001676    -0.002013

========================================================================
MONOTONE-INCREASE CHECK (Arb-certified)
========================================================================

  Checking dh/dM > 0 at all interior grid points (M > 2)...
  Arb-certified: dh/dM > 0 at all interior grid points.
  (Lower bound of arb interval > 0 at each point.)

========================================================================
CERTIFICATE BOUND (Arb)
========================================================================

  max h_upper(M=20) [Arb]: [-0.0093951377510282884352812006235458111369635433699691855666088 +/- 4.97e-62]
  at (d=3, p=3.1000, M=20)

  max |dh/dp| at M=20 [Arb]: [0.00201288692901825148016303356672242451067572098346 +/- 4.94e-51]
  delta_p/2: 0.05
  p-correction [Arb]: [0.000100644346450912574008151678336121225533786049173 +/- 2.47e-52]

  cert_bound = max_h_upper(M=20) + p_correction
  cert_bound [Arb]: [-0.009294493404577375861273048945209689911429757320796 +/- 3.15e-52]

========================================================================
CERTIFICATE PASSED (L1 Arb):
  (1) Arb-certified: dh/dM > 0 at all 120 interior grid points.
      => h(M, p, d) is monotone increasing in M.
  (2) Therefore: sup_M h(M,p,d) = h(M=20, p, d) for each (d,p).
  (3) max h_upper(M=20) [Arb certified] = [-0.0093951377510282884352812006235458111369635433699691855666088 +/- 4.97e-62]
  (4) p-direction correction [Arb] = [0.000100644346450912574008151678336121225533786049173 +/- 2.47e-52]
  (5) cert_bound [Arb] = [-0.009294493404577375861273048945209689911429757320796 +/- 3.15e-52] < 0

  => d2log I_L/dM2 < 0 for all d in {3,4}, p in (d,d+1), M in [2,20].

CERTIFICATE: d2log I_L/dM2 <= [-0.009294493404577375861273048945209689911429757320796 +/- 3.15e-52] < 0
for d in {3,4}, p in (d,d+1), M in [2,20].

========================================================================
LEGACY SUMMARY (float-based, for comparison with cert-phase1-arb.py)
(Uses global Lipschitz; may show FAILED — see cert-phase1-arb.py notes)
========================================================================
  max(h_upper) over grid : -0.00939514
  L_M = max|dh/dM|       : 1.414506
  L_p = max|dh/dp|       : 0.584757
  Interpolation error    : L_M*(dM/2) + L_p*(dp/2) = 3.56550341
  Certified maximum      : 3.55610827
  Legacy certificate: FAILED (expected — see cert-phase1-arb.py notes)

