================================================================================
cert-r-bound-full-arb.py: Certified R(M,p,d) < 1  [Level-1 Arb, round-2]
  mpmath 50-digit quadrature + Richardson in flint.arb + certified Lipschitz
  Closes gap C3/I16 (2nd-deriv sub-interval cert) and I9 (global L_p)
  Grid: 3 d-values, 10 p-offsets, 17 M-values
  Total grid points: 510
================================================================================

Grid spacings: delta_M = 5.0, delta_p = 0.1

  d      p       M      R_val    R_upper    |dR/dM|   |d2R/dM2|    |dR/dp|  cert
--------------------------------------------------------------------------------
  2   2.05   1.001   0.000000   0.000000   0.000000    0.000028   0.000000    OK
  2   2.05   1.010   0.000000   0.000000   0.000001    0.000103   0.000000    OK
  2   2.05   1.050   0.000000   0.000000   0.000007    0.000179   0.000005    OK
  2   2.05   1.100   0.000001   0.000001   0.000016    0.000188   0.000028    OK
  2   2.05   1.200   0.000003   0.000003   0.000033    0.000150   0.000127    OK
  2   2.05   1.500   0.000018   0.000018   0.000060    0.000043   0.000727    OK
  2   2.05   2.000   0.000050   0.000050   0.000063    0.000014   0.002036    OK
  2   2.05   3.000   0.000103   0.000103   0.000043    0.000019   0.004219    OK
  2   2.05   4.000   0.000138   0.000138   0.000028    0.000012   0.005628    OK
  2   2.05   5.000   0.000160   0.000160   0.000018    0.000007   0.006536    OK
  2   2.05   5.750   0.000172   0.000172   0.000014    0.000005   0.007011    OK
  2   2.05   6.500   0.000181   0.000181   0.000011    0.000004   0.007370    OK
  2   2.05   8.000   0.000194   0.000194   0.000007    0.000002   0.007859    OK
  2   2.05  10.000   0.000204   0.000204   0.000004    0.000001   0.008237    OK
  2   2.05  12.000   0.000210   0.000210   0.000002    0.000001   0.008450    OK
  2   2.05  15.000   0.000215   0.000215   0.000001    0.000000   0.008614    OK
  2   2.05  20.000   0.000219   0.000219   0.000000    0.000000   0.008705    OK
  2   2.15   1.001   0.000000   0.000000   0.000000    0.000188   0.000000    OK
  2   2.15   1.010   0.000000   0.000000   0.000005    0.000768   0.000000    OK
  2   2.15   1.050   0.000001   0.000001   0.000055    0.001571   0.000014    OK
  2   2.15   1.100   0.000006   0.000006   0.000140    0.001738   0.000076    OK
  2   2.15   1.200   0.000028   0.000028   0.000303    0.001474   0.000373    OK
  2   2.15   1.500   0.000169   0.000169   0.000581    0.000467   0.002310    OK
  2   2.15   2.000   0.000482   0.000482   0.000625    0.000136   0.006746    OK
  2   2.15   3.000   0.001008   0.001008   0.000419    0.000200   0.014202    OK
  2   2.15   4.000   0.001340   0.001340   0.000259    0.000122   0.018835    OK
  2   2.15   5.000   0.001548   0.001548   0.000164    0.000073   0.021636    OK
  2   2.15   5.750   0.001653   0.001653   0.000119    0.000050   0.023001    OK
  2   2.15   6.500   0.001729   0.001729   0.000087    0.000035   0.023957    OK
  2   2.15   8.000   0.001827   0.001827   0.000048    0.000019   0.025097    OK
  2   2.15  10.000   0.001894   0.001894   0.000022    0.000009   0.025736    OK
  2   2.15  12.000   0.001923   0.001923   0.000009    0.000005   0.025887    OK
  2   2.15  15.000   0.001935   0.001935   0.000000    0.000002   0.025716    OK
  2   2.15  20.000   0.001921   0.001921   0.000005    0.000000   0.025072    OK
  2   2.25   1.001   0.000000   0.000000   0.000000    0.000381   0.000000    OK
  2   2.25   1.010   0.000000   0.000000   0.000011    0.001782   0.000000    OK
  2   2.25   1.050   0.000003   0.000003   0.000140    0.004173   0.000018    OK
  2   2.25   1.100   0.000015   0.000015   0.000372    0.004877   0.000111    OK
  2   2.25   1.200   0.000077   0.000077   0.000846    0.004399   0.000588    OK
  2   2.25   1.500   0.000483   0.000483   0.001715    0.001549   0.003973    OK
  2   2.25   2.000   0.001422   0.001422   0.001888    0.000383   0.012150    OK
  2   2.25   3.000   0.003005   0.003005   0.001250    0.000630   0.026033    OK
  2   2.25   4.000   0.003982   0.003982   0.000746    0.000385   0.034363    OK
  2   2.25   5.000   0.004566   0.004566   0.000448    0.000225   0.039080    OK
  2   2.25   5.750   0.004846   0.004846   0.000308    0.000153   0.041193    OK
  2   2.25   6.500   0.005039   0.005039   0.000213    0.000106   0.042535    OK
  2   2.25   8.000   0.005263   0.005263   0.000098    0.000054   0.043811    OK
  2   2.25  10.000   0.005376   0.005376   0.000026    0.000024   0.043996    OK
  2   2.25  12.000   0.005390   0.005390   0.000007    0.000011   0.043422    OK
  2   2.25  15.000   0.005333   0.005333   0.000027    0.000004   0.042062    OK
  2   2.25  20.000   0.005171   0.005171   0.000035    0.000000   0.039585    OK
  2   2.35   1.001   0.000000   0.000000   0.000000    0.000541   0.000000    OK
  2   2.35   1.010   0.000000   0.000000   0.000017    0.002914   0.000000    OK
  2   2.35   1.050   0.000005   0.000005   0.000246    0.007675   0.000020    OK
  2   2.35   1.100   0.000028   0.000028   0.000686    0.009499   0.000132    OK
  2   2.35   1.200   0.000144   0.000144   0.001641    0.009120   0.000757    OK
  2   2.35   1.500   0.000963   0.000963   0.003529    0.003563   0.005623    OK
  2   2.35   2.000   0.002929   0.002929   0.003987    0.000743   0.018062    OK
  2   2.35   3.000   0.006268   0.006268   0.002613    0.001388   0.039476    OK
  2   2.35   4.000   0.008280   0.008280   0.001503    0.000845   0.051912    OK
  2   2.35   5.000   0.009429   0.009429   0.000855    0.000485   0.058492    OK
  2   2.35   5.750   0.009950   0.009950   0.000555    0.000324   0.061164    OK
  2   2.35   6.500   0.010287   0.010287   0.000354    0.000220   0.062638    OK
  2   2.35   8.000   0.010621   0.010621   0.000120    0.000107   0.063483    OK
  2   2.35  10.000   0.010700   0.010700   0.000020    0.000043   0.062479    OK
  2   2.35  12.000   0.010594   0.010594   0.000078    0.000018   0.060545    OK
  2   2.35  15.000   0.010308   0.010308   0.000106    0.000004   0.057226    OK
  2   2.35  20.000   0.009769   0.009769   0.000105    0.000002   0.052019    OK
  2   2.45   1.001   0.000000   0.000000   0.000000    0.000657   0.000000    OK
  2   2.45   1.010   0.000000   0.000000   0.000022    0.003976   0.000000    OK
  2   2.45   1.050   0.000007   0.000007   0.000360    0.011718   0.000020    OK
  2   2.45   1.100   0.000041   0.000041   0.001053    0.015363   0.000140    OK
  2   2.45   1.200   0.000226   0.000226   0.002653    0.015716   0.000876    OK
  2   2.45   1.500   0.001604   0.001604   0.006067    0.006809   0.007181    OK
  2   2.45   2.000   0.005046   0.005046   0.007047    0.001175   0.024312    OK
  2   2.45   3.000   0.010947   0.010947   0.004582    0.002551   0.054311    OK
  2   2.45   4.000   0.014423   0.014423   0.002542    0.001548   0.071220    OK
  2   2.45   5.000   0.016319   0.016319   0.001362    0.000874   0.079561    OK
  2   2.45   5.750   0.017126   0.017126   0.000827    0.000575   0.082568    OK
  2   2.45   6.500   0.017605   0.017605   0.000474    0.000383   0.083901    OK
  2   2.45   8.000   0.017978   0.017978   0.000075    0.000177   0.083730    OK
  2   2.45  10.000   0.017868   0.017868   0.000149    0.000065   0.080827    OK
  2   2.45  12.000   0.017475   0.017475   0.000229    0.000022   0.076950    OK
  2   2.45  15.000   0.016732   0.016732   0.000255    0.000000   0.071019    OK
  2   2.45  20.000   0.015506   0.015506   0.000230    0.000007   0.062392    OK
  2   2.55   1.001   0.000000   0.000000   0.000000    0.000739   0.000000    OK
  2   2.55   1.010   0.000000   0.000000   0.000026    0.004889   0.000000    OK
  2   2.55   1.050   0.000009   0.000009   0.000472    0.015961   0.000018    OK
  2   2.55   1.100   0.000055   0.000055   0.001447    0.022139   0.000139    OK
  2   2.55   1.200   0.000318   0.000318   0.003835    0.024141   0.000945    OK
  2   2.55   1.500   0.002394   0.002394   0.009345    0.011595   0.008588    OK
  2   2.55   2.000   0.007798   0.007798   0.011182    0.001614   0.030740    OK
  2   2.55   3.000   0.017170   0.017170   0.007226    0.004199   0.070338    OK
  2   2.55   4.000   0.022575   0.022575   0.003867    0.002539   0.092061    OK
  2   2.55   5.000   0.025388   0.025388   0.001946    0.001411   0.102030    OK
  2   2.55   5.750   0.026503   0.026503   0.001089    0.000912   0.105133    OK
  2   2.55   6.500   0.027096   0.027096   0.000532    0.000596   0.106040    OK
  2   2.55   8.000   0.027377   0.027377   0.000075    0.000261   0.104277    OK
  2   2.55  10.000   0.026853   0.026853   0.000391    0.000085   0.098813    OK
  2   2.55  12.000   0.025955   0.025955   0.000487    0.000021   0.092483    OK
  2   2.55  15.000   0.024465   0.024465   0.000492    0.000010   0.083406    OK
  2   2.55  20.000   0.022184   0.022184   0.000416    0.000017   0.070873    OK
  2   2.65   1.001   0.000000   0.000000   0.000000    0.000798   0.000000    OK
  2   2.65   1.010   0.000000   0.000000   0.000030    0.005640   0.000000    OK
  2   2.65   1.050   0.000010   0.000010   0.000575    0.020135   0.000016    OK
  2   2.65   1.100   0.000069   0.000069   0.001844    0.029467   0.000131    OK
  2   2.65   1.200   0.000414   0.000414   0.005135    0.034227   0.000971    OK
  2   2.65   1.500   0.003315   0.003315   0.013352    0.018224   0.009802    OK
  2   2.65   2.000   0.011195   0.011195   0.016496    0.001960   0.037205    OK
  2   2.65   3.000   0.025048   0.025048   0.010615    0.006412   0.087378    OK
  2   2.65   4.000   0.032880   0.032880   0.005483    0.003866   0.114240    OK
  2   2.65   5.000   0.036765   0.036765   0.002577    0.002113   0.125686    OK
  2   2.65   5.750   0.038184   0.038184   0.001304    0.001343   0.128641    OK
  2   2.65   6.500   0.038835   0.038835   0.000492    0.000860   0.128841    OK
  2   2.65   8.000   0.038837   0.038837   0.000365    0.000356   0.124934    OK
  2   2.65  10.000   0.037614   0.037614   0.000775    0.000099   0.116309    OK
  2   2.65  12.000   0.035941   0.035941   0.000869    0.000010   0.107090    OK
  2   2.65  15.000   0.033369   0.033369   0.000827    0.000028   0.094454    OK
  2   2.65  20.000   0.029625   0.029625   0.000668    0.000031   0.077701    OK
  2   2.75   1.001   0.000000   0.000000   0.000000    0.000844   0.000000    OK
  2   2.75   1.010   0.000000   0.000000   0.000033    0.006250   0.000000    OK
  2   2.75   1.050   0.000012   0.000012   0.000668    0.024061   0.000014    OK
  2   2.75   1.100   0.000081   0.000081   0.002228    0.037004   0.000121    OK
  2   2.75   1.200   0.000511   0.000511   0.006505    0.045707   0.000964    OK
  2   2.75   1.500   0.004347   0.004347   0.018056    0.026973   0.010800    OK
  2   2.75   2.000   0.015236   0.015236   0.023078    0.002084   0.043580    OK
  2   2.75   3.000   0.034674   0.034674   0.014818    0.009272   0.105264    OK
  2   2.75   4.000   0.045462   0.045462   0.007392    0.005574   0.137590    OK
  2   2.75   5.000   0.050559   0.050559   0.003230    0.002997   0.150358    OK
  2   2.75   5.750   0.052257   0.052257   0.001437    0.001873   0.152922    OK
  2   2.75   6.500   0.052881   0.052881   0.000315    0.001174   0.152144    OK
  2   2.75   8.000   0.052363   0.052363   0.000828    0.000457   0.145577    OK
  2   2.75  10.000   0.050097   0.050097   0.001323    0.000104   0.133257    OK
  2   2.75  12.000   0.047342   0.047342   0.001393    0.000012   0.120791    OK
  2   2.75  15.000   0.043315   0.043315   0.001271    0.000056   0.104286    OK
  2   2.75  20.000   0.037678   0.037678   0.000989    0.000052   0.083144    OK
  2   2.85   1.001   0.000000   0.000000   0.000000    0.000884   0.000000    OK
  2   2.85   1.010   0.000000   0.000000   0.000035    0.006752   0.000000    OK
  2   2.85   1.050   0.000013   0.000013   0.000749    0.027646   0.000012    OK
  2   2.85   1.100   0.000093   0.000093   0.002588    0.044469   0.000109    OK
  2   2.85   1.200   0.000606   0.000606   0.007899    0.058252   0.000933    OK
  2   2.85   1.500   0.005468   0.005468   0.023401    0.038069   0.011574    OK
  2   2.85   2.000   0.019905   0.019905   0.031002    0.001820   0.049755    OK
  2   2.85   3.000   0.046124   0.046124   0.019903    0.012857   0.123848    OK
  2   2.85   4.000   0.060432   0.060432   0.009595    0.007712   0.161967    OK
  2   2.85   5.000   0.066866   0.066866   0.003875    0.004079   0.175908    OK
  2   2.85   5.750   0.068790   0.068790   0.001453    0.002506   0.177846    OK
  2   2.85   6.500   0.069277   0.069277   0.000034    0.001538   0.175832    OK
  2   2.85   8.000   0.067950   0.067950   0.001494    0.000559   0.166131    OK
  2   2.85  10.000   0.064247   0.064247   0.002057    0.000093   0.149650    OK
  2   2.85  12.000   0.060071   0.060071   0.002072    0.000051   0.133647    OK
  2   2.85  15.000   0.054190   0.054190   0.001827    0.000096   0.113058    OK
  2   2.85  20.000   0.046217   0.046217   0.001378    0.000079   0.087470    OK
  2   2.95   1.001   0.000000   0.000000   0.000000    0.000919   0.000000    OK
  2   2.95   1.010   0.000000   0.000000   0.000037    0.007174   0.000000    OK
  2   2.95   1.050   0.000014   0.000014   0.000821    0.030864   0.000010    OK
  2   2.95   1.100   0.000103   0.000103   0.002920    0.051656   0.000098    OK
  2   2.95   1.200   0.000697   0.000697   0.009281    0.071506   0.000886    OK
  2   2.95   1.500   0.006655   0.006655   0.029318    0.051675   0.012131    OK
  2   2.95   2.000   0.025177   0.025177   0.040331    0.000970   0.055637    OK
  2   2.95   3.000   0.059462   0.059462   0.025941    0.017245   0.142990    OK
  2   2.95   4.000   0.077886   0.077886   0.012097    0.010327   0.187247    OK
  2   2.95   5.000   0.085766   0.085766   0.004487    0.005375   0.202222    OK
  2   2.95   5.750   0.087844   0.087844   0.001319    0.003246   0.203314    OK
  2   2.95   6.500   0.088057   0.088057   0.000588    0.001948   0.199822    OK
  2   2.95   8.000   0.085585   0.085585   0.002390    0.000657   0.186557    OK
  2   2.95  10.000   0.080009   0.080009   0.002993    0.000064   0.165518    OK
  2   2.95  12.000   0.074047   0.074047   0.002914    0.000107   0.145749    OK
  2   2.95  15.000   0.065897   0.065897   0.002500    0.000149   0.120935    OK
  2   2.95  20.000   0.055143   0.055143   0.001833    0.000113   0.090927    OK
  3   3.05   1.001   0.000000   0.000000   0.000000    0.000546   0.000000    OK
  3   3.05   1.010   0.000000   0.000000   0.000018    0.003630   0.000000    OK
  3   3.05   1.050   0.000007   0.000007   0.000412    0.015873   0.000004    OK
  3   3.05   1.100   0.000053   0.000053   0.001530    0.028309   0.000039    OK
  3   3.05   1.200   0.000378   0.000378   0.005237    0.043911   0.000379    OK
  3   3.05   1.500   0.004112   0.004112   0.019582    0.043648   0.006211    OK
  3   3.05   2.000   0.017837   0.017837   0.032277    0.008247   0.034269    OK
  3   3.05   3.000   0.048266   0.048266   0.025271    0.013114   0.104733    OK
  3   3.05   4.000   0.067328   0.067328   0.013478    0.009647   0.147824    OK
  3   3.05   5.000   0.076732   0.076732   0.006015    0.005546   0.166019    OK
  3   3.05   5.750   0.079892   0.079892   0.002659    0.003543   0.169978    OK
  3   3.05   6.500   0.081025   0.081025   0.000526    0.002242   0.169193    OK
  3   3.05   8.000   0.079922   0.079922   0.001656    0.000866   0.160468    OK
  3   3.05  10.000   0.075468   0.075468   0.002574    0.000178   0.143853    OK
  3   3.05  12.000   0.070155   0.070155   0.002666    0.000045   0.127223    OK
  3   3.05  15.000   0.062533   0.062533   0.002378    0.000122   0.105678    OK
  3   3.05  20.000   0.052165   0.052165   0.001786    0.000106   0.079103    OK
  3   3.15   1.001   0.000000   0.000000   0.000000    0.000565   0.000000    OK
  3   3.15   1.010   0.000000   0.000000   0.000019    0.003801   0.000000    OK
  3   3.15   1.050   0.000007   0.000007   0.000437    0.017005   0.000004    OK
  3   3.15   1.100   0.000057   0.000057   0.001653    0.031160   0.000035    OK
  3   3.15   1.200   0.000415   0.000415   0.005832    0.050454   0.000351    OK
  3   3.15   1.500   0.004734   0.004734   0.023121    0.054789   0.006223    OK
  3   3.15   2.000   0.021392   0.021392   0.039827    0.012145   0.036792    OK
  3   3.15   3.000   0.059369   0.059369   0.031620    0.016675   0.117342    OK
  3   3.15   4.000   0.083047   0.083047   0.016518    0.012366   0.166622    OK
  3   3.15   5.000   0.094357   0.094357   0.006996    0.007026   0.186548    OK
  3   3.15   5.750   0.097897   0.097897   0.002769    0.004428   0.190189    OK
  3   3.15   6.500   0.098903   0.098903   0.000122    0.002755   0.188402    OK
  3   3.15   8.000   0.096791   0.096791   0.002508    0.001009   0.176904    OK
  3   3.15  10.000   0.090490   0.090490   0.003518    0.000162   0.156547    OK
  3   3.15  12.000   0.083359   0.083359   0.003529    0.000099   0.136790    OK
  3   3.15  15.000   0.073409   0.073409   0.003067    0.000178   0.111764    OK
  3   3.15  20.000   0.060206   0.060206   0.002246    0.000142   0.081647    OK
  3   3.25   1.001   0.000000   0.000000   0.000000    0.000583   0.000000    OK
  3   3.25   1.010   0.000000   0.000000   0.000019    0.003958   0.000000    OK
  3   3.25   1.050   0.000008   0.000008   0.000459    0.018019   0.000003    OK
  3   3.25   1.100   0.000060   0.000060   0.001764    0.033774   0.000032    OK
  3   3.25   1.200   0.000449   0.000449   0.006391    0.056820   0.000324    OK
  3   3.25   1.500   0.005354   0.005354   0.026771    0.067126   0.006165    OK
  3   3.25   2.000   0.025185   0.025185   0.048215    0.017205   0.039006    OK
  3   3.25   3.000   0.071737   0.071737   0.038896    0.020780   0.130006    OK
  3   3.25   4.000   0.100667   0.100667   0.019923    0.015557   0.185856    OK
  3   3.25   5.000   0.114057   0.114057   0.007997    0.008737   0.207527    OK
  3   3.25   5.750   0.117941   0.117941   0.002772    0.005434   0.210744    OK
  3   3.25   6.500   0.118713   0.118713   0.000451    0.003323   0.207821    OK
  3   3.25   8.000   0.115302   0.115302   0.003561    0.001152   0.193301    OK
  3   3.25  10.000   0.106769   0.106769   0.004639    0.000127   0.168982    OK
  3   3.25  12.000   0.097500   0.097500   0.004532    0.000172   0.145992    OK
  3   3.25  15.000   0.084873   0.084873   0.003853    0.000246   0.117452    OK
  3   3.25  20.000   0.068484   0.068484   0.002757    0.000184   0.083876    OK
  3   3.35   1.001   0.000000   0.000000   0.000000    0.000601   0.000000    OK
  3   3.35   1.010   0.000000   0.000000   0.000020    0.004105   0.000000    OK
  3   3.35   1.050   0.000008   0.000008   0.000479    0.018938   0.000003    OK
  3   3.35   1.100   0.000063   0.000063   0.001865    0.036171   0.000029    OK
  3   3.35   1.200   0.000480   0.000480   0.006914    0.062943   0.000300    OK
  3   3.35   1.500   0.005966   0.005966   0.030486    0.080515   0.006054    OK
  3   3.35   2.000   0.029183   0.029183   0.057414    0.023593   0.040905    OK
  3   3.35   3.000   0.085370   0.085370   0.047156    0.025448   0.142653    OK
  3   3.35   4.000   0.120230   0.120230   0.023712    0.019258   0.205466    OK
  3   3.35   5.000   0.135875   0.135875   0.009011    0.010696   0.228911    OK
  3   3.35   5.750   0.140056   0.140056   0.002652    0.006564   0.231610    OK
  3   3.35   6.500   0.140473   0.140473   0.001213    0.003946   0.227428    OK
  3   3.35   8.000   0.135450   0.135450   0.004831    0.001290   0.209662    OK
  3   3.35  10.000   0.124279   0.124279   0.005945    0.000072   0.181195    OK
  3   3.35  12.000   0.112547   0.112547   0.005679    0.000264   0.154892    OK
  3   3.35  15.000   0.096889   0.096889   0.004732    0.000327   0.122830    OK
  3   3.35  20.000   0.076974   0.076974   0.003315    0.000233   0.085893    OK
  3   3.45   1.001   0.000000   0.000000   0.000000    0.000619   0.000000    OK
  3   3.45   1.010   0.000000   0.000000   0.000020    0.004140   0.000000    OK
  3   3.45   1.050   0.000008   0.000008   0.000498    0.019783   0.000003    OK
  3   3.45   1.100   0.000066   0.000066   0.001959    0.038375   0.000027    OK
  3   3.45   1.200   0.000509   0.000509   0.007403    0.068783   0.000278    OK
  3   3.45   1.500   0.006564   0.006564   0.034224    0.094789   0.005904    OK
  3   3.45   2.000   0.033355   0.033355   0.067387    0.031459   0.042494    OK
  3   3.45   3.000   0.100264   0.100264   0.056455    0.030686   0.155217    OK
  3   3.45   4.000   0.141771   0.141771   0.027904    0.023510   0.225396    OK
  3   3.45   5.000   0.159851   0.159851   0.010030    0.012917   0.250660    OK
  3   3.45   5.750   0.164272   0.164272   0.002394    0.007824   0.252758    OK
  3   3.45   6.500   0.164204   0.164204   0.002178    0.004622   0.247209    OK
  3   3.45   8.000   0.157233   0.157233   0.006328    0.001419   0.225998    OK
  3   3.45  10.000   0.143002   0.143002   0.007441    0.000007   0.193226    OK
  3   3.45  12.000   0.128471   0.128471   0.006970    0.000377   0.163551    OK
  3   3.45  15.000   0.109431   0.109431   0.005705    0.000422   0.127978    OK
  3   3.45  20.000   0.085658   0.085658   0.003919    0.000288   0.087785    OK
  3   3.55   1.001   0.000000   0.000000   0.000000    0.000637   0.000000    OK
  3   3.55   1.010   0.000000   0.000000   0.000021    0.004268   0.000000    OK
  3   3.55   1.050   0.000009   0.000009   0.000516    0.020570   0.000003    OK
  3   3.55   1.100   0.000068   0.000068   0.002045    0.040412   0.000026    OK
  3   3.55   1.200   0.000535   0.000535   0.007861    0.074323   0.000260    OK
  3   3.55   1.500   0.007146   0.007146   0.037952    0.109775   0.005730    OK
  3   3.55   2.000   0.037672   0.037672   0.078086    0.040935   0.043785    OK
  3   3.55   3.000   0.116409   0.116409   0.066849    0.036494   0.167638    OK
  3   3.55   4.000   0.165318   0.165318   0.032520    0.028351   0.245593    OK
  3   3.55   5.000   0.186018   0.186018   0.011048    0.015416   0.272741    OK
  3   3.55   5.750   0.190616   0.190616   0.001986    0.009217   0.274169    OK
  3   3.55   6.500   0.189921   0.189921   0.003360    0.005351   0.267154    OK
  3   3.55   8.000   0.180650   0.180650   0.008063    0.001538   0.242325    OK
  3   3.55  10.000   0.162920   0.162920   0.009132    0.000111   0.205117    OK
  3   3.55  12.000   0.145251   0.145251   0.008407    0.000512   0.172030    OK
  3   3.55  15.000   0.122479   0.122479   0.006769    0.000531   0.132968    OK
  3   3.55  20.000   0.094529   0.094529   0.004566    0.000350   0.089624    OK
  3   3.65   1.001   0.000000   0.000000   0.000000    0.000655   0.000000    OK
  3   3.65   1.010   0.000000   0.000000   0.000022    0.004394   0.000000    OK
  3   3.65   1.050   0.000009   0.000009   0.000533    0.021313   0.000003    OK
  3   3.65   1.100   0.000071   0.000071   0.002126    0.042308   0.000024    OK
  3   3.65   1.200   0.000561   0.000561   0.008289    0.079565   0.000244    OK
  3   3.65   1.500   0.007709   0.007709   0.041642    0.125296   0.005541    OK
  3   3.65   2.000   0.042103   0.042103   0.089457    0.052128   0.044793    OK
  3   3.65   3.000   0.133785   0.133785   0.078390    0.042860   0.179858    OK
  3   3.65   4.000   0.190897   0.190897   0.037583    0.033821   0.266010    OK
  3   3.65   5.000   0.214409   0.214409   0.012060    0.018208   0.295125    OK
  3   3.65   5.750   0.219114   0.219114   0.001416    0.010748   0.295825    OK
  3   3.65   6.500   0.217640   0.217640   0.004772    0.006132   0.287260    OK
  3   3.65   8.000   0.205699   0.205699   0.010045    0.001642   0.258660    OK
  3   3.65  10.000   0.184021   0.184021   0.011021    0.000244   0.216907    OK
  3   3.65  12.000   0.162872   0.162872   0.009991    0.000670   0.180380    OK
  3   3.65  15.000   0.136022   0.136022   0.007923    0.000655   0.137862    OK
  3   3.65  20.000   0.103583   0.103583   0.005253    0.000418   0.091468    OK
  3   3.75   1.001   0.000000   0.000000   0.000000    0.000673   0.000000    OK
  3   3.75   1.010   0.000000   0.000000   0.000022    0.004519   0.000000    OK
  3   3.75   1.050   0.000009   0.000009   0.000549    0.022022   0.000003    OK
  3   3.75   1.100   0.000073   0.000073   0.002203    0.044088   0.000023    OK
  3   3.75   1.200   0.000584   0.000584   0.008693    0.084520   0.000231    OK
  3   3.75   1.500   0.008254   0.008254   0.045272    0.141187   0.005347    OK
  3   3.75   2.000   0.046622   0.046622   0.101441    0.065118   0.045540    OK
  3   3.75   3.000   0.152372   0.152372   0.091128    0.049764   0.191827    OK
  3   3.75   4.000   0.218526   0.218526   0.043117    0.039958   0.286601    OK
  3   3.75   5.000   0.245053   0.245053   0.013065    0.021309   0.317785    OK
  3   3.75   5.750   0.249789   0.249789   0.000674    0.012422   0.317715    OK
  3   3.75   6.500   0.247378   0.247378   0.006425    0.006965   0.307526    OK
  3   3.75   8.000   0.232383   0.232383   0.012282    0.001728   0.275023    OK
  3   3.75  10.000   0.206299   0.206299   0.013111    0.000406   0.228635    OK
  3   3.75  12.000   0.181325   0.181325   0.011720    0.000853   0.188653    OK
  3   3.75  15.000   0.150051   0.150051   0.009165    0.000793   0.142714    OK
  3   3.75  20.000   0.112824   0.112824   0.005980    0.000492   0.093362    OK
  3   3.85   1.001   0.000000   0.000000   0.000000    0.000691   0.000000    OK
  3   3.85   1.010   0.000000   0.000000   0.000023    0.004642   0.000000    OK
  3   3.85   1.050   0.000009   0.000009   0.000565    0.022707   0.000003    OK
  3   3.85   1.100   0.000076   0.000076   0.002277    0.045772   0.000023    OK
  3   3.85   1.200   0.000607   0.000607   0.009075    0.089209   0.000221    OK
  3   3.85   1.500   0.008779   0.008779   0.048827    0.157293   0.005153    OK
  3   3.85   2.000   0.051203   0.051203   0.113974    0.079953   0.046048    OK
  3   3.85   3.000   0.172141   0.172141   0.105112    0.057172   0.203497    OK
  3   3.85   4.000   0.248222   0.248222   0.049151    0.046800   0.307324    OK
  3   3.85   5.000   0.277975   0.277975   0.014061    0.024735   0.340699    OK
  3   3.85   5.750   0.282664   0.282664   0.000247    0.014243   0.339827    OK
  3   3.85   6.500   0.279151   0.279151   0.008328    0.007850   0.327953    OK
  3   3.85   8.000   0.260705   0.260705   0.014780    0.001795   0.291435    OK
  3   3.85  10.000   0.229748   0.229748   0.015404    0.000600   0.240340    OK
  3   3.85  12.000   0.200602   0.200602   0.013595    0.001061   0.196892    OK
  3   3.85  15.000   0.164565   0.164565   0.010494    0.000946   0.147570    OK
  3   3.85  20.000   0.122259   0.122259   0.006744    0.000572   0.095341    OK
  3   3.95   1.001   0.000000   0.000000   0.000000    0.000709   0.000000    OK
  3   3.95   1.010   0.000000   0.000000   0.000023    0.004765   0.000000    OK
  3   3.95   1.050   0.000010   0.000010   0.000581    0.023373   0.000003    OK
  3   3.95   1.100   0.000078   0.000078   0.002349    0.047379   0.000022    OK
  3   3.95   1.200   0.000629   0.000629   0.009439    0.093655   0.000212    OK
  3   3.95   1.500   0.009285   0.009285   0.052296    0.173482   0.004966    OK
  3   3.95   2.000   0.055824   0.055824   0.126988    0.096650   0.046343    OK
  3   3.95   3.000   0.193060   0.193060   0.120387    0.065039   0.214826    OK
  3   3.95   4.000   0.279994   0.279994   0.055712    0.054385   0.328136    OK
  3   3.95   5.000   0.313200   0.313200   0.015049    0.028502   0.363846    OK
  3   3.95   5.750   0.317762   0.317762   0.001353    0.016217   0.362154    OK
  3   3.95   6.500   0.312974   0.312974   0.010489    0.008785   0.348545    OK
  3   3.95   8.000   0.290672   0.290672   0.017543    0.001840   0.307916    OK
  3   3.95  10.000   0.254367   0.254367   0.017902    0.000827   0.252054    OK
  3   3.95  12.000   0.220703   0.220703   0.015614    0.001294   0.205137    OK
  3   3.95  15.000   0.179566   0.179566   0.011908    0.001115   0.152467    OK
  3   3.95  20.000   0.131896   0.131896   0.007544    0.000658   0.097433    OK
  4   4.05   1.001   0.000000   0.000000   0.000000    0.000458   0.000000    OK
  4   4.05   1.010   0.000000   0.000000   0.000014    0.002917   0.000000    OK
  4   4.05   1.050   0.000006   0.000006   0.000351    0.014164   0.000001    OK
  4   4.05   1.100   0.000047   0.000047   0.001431    0.029147   0.000013    OK
  4   4.05   1.200   0.000387   0.000387   0.005880    0.059772   0.000120    OK
  4   4.05   1.500   0.006063   0.006063   0.035426    0.128246   0.002831    OK
  4   4.05   2.000   0.040493   0.040493   0.100192    0.105533   0.029575    OK
  4   4.05   3.000   0.163585   0.163585   0.120321    0.042610   0.168343    OK
  4   4.05   4.000   0.257400   0.257400   0.066088    0.052509   0.286047    OK
  4   4.05   5.000   0.300756   0.300756   0.024242    0.031235   0.334751    OK
  4   4.05   5.750   0.311410   0.311410   0.005696    0.019008   0.341321    OK
  4   4.05   6.500   0.311169   0.311169   0.005346    0.011049   0.334000    OK
  4   4.05   8.000   0.294450   0.294450   0.014988    0.003094   0.301375    OK
  4   4.05  10.000   0.261330   0.261330   0.017034    0.000295   0.250684    OK
  4   4.05  12.000   0.228585   0.228585   0.015461    0.001069   0.206010    OK
  4   4.05  15.000   0.187225   0.187225   0.012127    0.001058   0.154525    OK
  4   4.05  20.000   0.138150   0.138150   0.007839    0.000664   0.099669    OK
  4   4.15   1.001   0.000000   0.000000   0.000000    0.000469   0.000000    OK
  4   4.15   1.010   0.000000   0.000000   0.000015    0.002989   0.000000    OK
  4   4.15   1.050   0.000006   0.000006   0.000360    0.014541   0.000001    OK
  4   4.15   1.100   0.000049   0.000049   0.001471    0.030023   0.000013    OK
  4   4.15   1.200   0.000399   0.000399   0.006076    0.062132   0.000117    OK
  4   4.15   1.500   0.006341   0.006341   0.037392    0.138167   0.002735    OK
  4   4.15   2.000   0.043443   0.043443   0.109455    0.121693   0.029417    OK
  4   4.15   3.000   0.180785   0.180785   0.135885    0.046566   0.175597    OK
  4   4.15   4.000   0.286849   0.286849   0.074473    0.060196   0.302933    OK
  4   4.15   5.000   0.335258   0.335258   0.026515    0.035684   0.355300    OK
  4   4.15   5.750   0.346566   0.346566   0.005410    0.021518   0.361823    OK
  4   4.15   6.500   0.345534   0.345534   0.007020    0.012347   0.353306    OK
  4   4.15   8.000   0.325378   0.325378   0.017624    0.003284   0.317202    OK
  4   4.15  10.000   0.286971   0.286971   0.019564    0.000484   0.262147    OK
  4   4.15  12.000   0.249596   0.249596   0.017550    0.001297   0.214208    OK
  4   4.15  15.000   0.202928   0.202928   0.013605    0.001232   0.159535    OK
  4   4.15  20.000   0.148232   0.148232   0.008678    0.000755   0.101987    OK
  4   4.25   1.001   0.000000   0.000000   0.000000    0.000480   0.000000    OK
  4   4.25   1.010   0.000000   0.000000   0.000015    0.003062   0.000000    OK
  4   4.25   1.050   0.000006   0.000006   0.000369    0.014915   0.000001    OK
  4   4.25   1.100   0.000050   0.000050   0.001510    0.030880   0.000012    OK
  4   4.25   1.200   0.000411   0.000411   0.006266    0.064404   0.000114    OK
  4   4.25   1.500   0.006611   0.006611   0.039298    0.147915   0.002649    OK
  4   4.25   2.000   0.046374   0.046374   0.118844    0.138903   0.029191    OK
  4   4.25   3.000   0.198692   0.198692   0.152584    0.050363   0.182476    OK
  4   4.25   4.000   0.317984   0.317984   0.083544    0.068574   0.319747    OK
  4   4.25   5.000   0.371821   0.371821   0.028908    0.040538   0.375983    OK
  4   4.25   5.750   0.383780   0.383780   0.005022    0.024228   0.382490    OK
  4   4.25   6.500   0.381836   0.381836   0.008899    0.013726   0.372760    OK
  4   4.25   8.000   0.357893   0.357893   0.020500    0.003462   0.333119    OK
  4   4.25  10.000   0.313761   0.313761   0.022286    0.000704   0.273660    OK
  4   4.25  12.000   0.271428   0.271428   0.019776    0.001549   0.222455    OK
  4   4.25  15.000   0.219135   0.219135   0.015163    0.001419   0.164619    OK
  4   4.25  20.000   0.158551   0.158551   0.009551    0.000851   0.104422    OK
  4   4.35   1.001   0.000000   0.000000   0.000000    0.000492   0.000000    OK
  4   4.35   1.010   0.000000   0.000000   0.000015    0.003134   0.000000    OK
  4   4.35   1.050   0.000006   0.000006   0.000378    0.015287   0.000001    OK
  4   4.35   1.100   0.000051   0.000051   0.001549    0.031721   0.000012    OK
  4   4.35   1.200   0.000422   0.000422   0.006452    0.066601   0.000113    OK
  4   4.35   1.500   0.006872   0.006872   0.041150    0.157468   0.002572    OK
  4   4.35   2.000   0.049280   0.049280   0.128322    0.157072   0.028913    OK
  4   4.35   3.000   0.217268   0.217268   0.170427    0.053912   0.188970    OK
  4   4.35   4.000   0.350795   0.350795   0.093331    0.077660   0.336456    OK
  4   4.35   5.000   0.410458   0.410458   0.031430    0.045814   0.396780    OK
  4   4.35   5.750   0.423069   0.423069   0.004532    0.027148   0.403312    OK
  4   4.35   6.500   0.420091   0.420091   0.010984    0.015189   0.392362    OK
  4   4.35   8.000   0.392005   0.392005   0.023621    0.003629   0.349141    OK
  4   4.35  10.000   0.341706   0.341706   0.025200    0.000954   0.285244    OK
  4   4.35  12.000   0.294089   0.294089   0.022138    0.001826   0.230772    OK
  4   4.35  15.000   0.235855   0.235855   0.016801    0.001621   0.169796    OK
  4   4.35  20.000   0.169120   0.169120   0.010457    0.000952   0.106984    OK
  4   4.45   1.001   0.000000   0.000000   0.000000    0.000503   0.000000    OK
  4   4.45   1.010   0.000000   0.000000   0.000016    0.003207   0.000000    OK
  4   4.45   1.050   0.000006   0.000006   0.000387    0.015657   0.000001    OK
  4   4.45   1.100   0.000052   0.000052   0.001587    0.032552   0.000012    OK
  4   4.45   1.200   0.000433   0.000433   0.006634    0.068737   0.000111    OK
  4   4.45   1.500   0.007125   0.007125   0.042950    0.166815   0.002504    OK
  4   4.45   2.000   0.052156   0.052156   0.137856    0.176105   0.028597    OK
  4   4.45   3.000   0.236473   0.236473   0.189415    0.057118   0.195067    OK
  4   4.45   4.000   0.385271   0.385271   0.103869    0.087470   0.353028    OK
  4   4.45   5.000   0.451180   0.451180   0.034094    0.051531   0.417673    OK
  4   4.45   5.750   0.464448   0.464448   0.003942    0.030286   0.424282    OK
  4   4.45   6.500   0.460313   0.460313   0.013279    0.016739   0.412114    OK
  4   4.45   8.000   0.427725   0.427725   0.026988    0.003782   0.365278    OK
  4   4.45  10.000   0.370813   0.370813   0.028308    0.001235   0.296918    OK
  4   4.45  12.000   0.317586   0.317586   0.024636    0.002128   0.239180    OK
  4   4.45  15.000   0.253098   0.253098   0.018516    0.001837   0.175080    OK
  4   4.45  20.000   0.179952   0.179952   0.011396    0.001059   0.109679    OK
  4   4.55   1.001   0.000000   0.000000   0.000000    0.000514   0.000000    OK
  4   4.55   1.010   0.000000   0.000000   0.000016    0.003279   0.000000    OK
  4   4.55   1.050   0.000007   0.000007   0.000396    0.016025   0.000001    OK
  4   4.55   1.100   0.000053   0.000053   0.001626    0.033374   0.000012    OK
  4   4.55   1.200   0.000444   0.000444   0.006813    0.070822   0.000110    OK
  4   4.55   1.500   0.007373   0.007373   0.044702    0.175950   0.002445    OK
  4   4.55   2.000   0.054998   0.054998   0.147415    0.195899   0.028253    OK
  4   4.55   3.000   0.256268   0.256268   0.209543    0.059886   0.200763    OK
  4   4.55   4.000   0.421395   0.421395   0.115190    0.098016   0.369432    OK
  4   4.55   5.000   0.493995   0.493995   0.036912    0.057707   0.438643    OK
  4   4.55   5.750   0.507930   0.507930   0.003255    0.033651   0.445393    OK
  4   4.55   6.500   0.502518   0.502518   0.015784    0.018379   0.432016    OK
  4   4.55   8.000   0.465065   0.465065   0.030603    0.003922   0.381542    OK
  4   4.55  10.000   0.401093   0.401093   0.031609    0.001548   0.308698    OK
  4   4.55  12.000   0.341929   0.341929   0.027269    0.002455   0.247695    OK
  4   4.55  15.000   0.270875   0.270875   0.020310    0.002067   0.180486    OK
  4   4.55  20.000   0.191061   0.191061   0.012368    0.001172   0.112510    OK
  4   4.65   1.001   0.000000   0.000000   0.000000    0.000526   0.000000    OK
  4   4.65   1.010   0.000000   0.000000   0.000016    0.003352   0.000000    OK
  4   4.65   1.050   0.000007   0.000007   0.000405    0.016394   0.000001    OK
  4   4.65   1.100   0.000055   0.000055   0.001664    0.034190   0.000012    OK
  4   4.65   1.200   0.000455   0.000455   0.006990    0.072865   0.000109    OK
  4   4.65   1.500   0.007615   0.007615   0.046410    0.184873   0.002393    OK
  4   4.65   2.000   0.057806   0.057806   0.156975    0.216354   0.027892    OK
  4   4.65   3.000   0.276612   0.276612   0.230803    0.062116   0.206055    OK
  4   4.65   4.000   0.459151   0.459151   0.127330    0.109306   0.385639    OK
  4   4.65   5.000   0.538911   0.538911   0.039899    0.064361   0.459674    OK
  4   4.65   5.750   0.553531   0.553531   0.002476    0.037253   0.466639    OK
  4   4.65   6.500   0.546721   0.546721   0.018499    0.020112   0.452071    OK
  4   4.65   8.000   0.504038   0.504038   0.034469    0.004048   0.397946    OK
  4   4.65  10.000   0.432557   0.432557   0.035103    0.001894   0.320601    OK
  4   4.65  12.000   0.367129   0.367129   0.030037    0.002807   0.256332    OK
  4   4.65  15.000   0.289199   0.289199   0.022181    0.002311   0.186022    OK
  4   4.65  20.000   0.202459   0.202459   0.013373    0.001289   0.115479    OK
  4   4.75   1.001   0.000000   0.000000   0.000000    0.000537   0.000000    OK
  4   4.75   1.010   0.000000   0.000000   0.000017    0.003424   0.000000    OK
  4   4.75   1.050   0.000007   0.000007   0.000414    0.016762   0.000001    OK
  4   4.75   1.100   0.000056   0.000056   0.001702    0.035002   0.000012    OK
  4   4.75   1.200   0.000466   0.000466   0.007165    0.074873   0.000109    OK
  4   4.75   1.500   0.007852   0.007852   0.048080    0.193590   0.002348    OK
  4   4.75   2.000   0.060576   0.060576   0.166512    0.237370   0.027521    OK
  4   4.75   3.000   0.297465   0.297465   0.253180    0.063709   0.210940    OK
  4   4.75   4.000   0.498516   0.498516   0.140321    0.121342   0.401619    OK
  4   4.75   5.000   0.585931   0.585931   0.043073    0.071512   0.480747    OK
  4   4.75   5.750   0.601262   0.601262   0.001611    0.041100   0.488011    OK
  4   4.75   6.500   0.592938   0.592938   0.021423    0.021942   0.472279    OK
  4   4.75   8.000   0.544659   0.544659   0.038585    0.004159   0.414498    OK
  4   4.75  10.000   0.465217   0.465217   0.038792    0.002272   0.332640    OK
  4   4.75  12.000   0.393200   0.393200   0.032941    0.003185   0.265103    OK
  4   4.75  15.000   0.308084   0.308084   0.024129    0.002570   0.191696    OK
  4   4.75  20.000   0.214161   0.214161   0.014410    0.001412   0.118587    OK
  4   4.85   1.001   0.000000   0.000000   0.000000    0.000548   0.000000    OK
  4   4.85   1.010   0.000000   0.000000   0.000017    0.003497   0.000000    OK
  4   4.85   1.050   0.000007   0.000007   0.000423    0.017130   0.000001    OK
  4   4.85   1.100   0.000057   0.000057   0.001740    0.035811   0.000012    OK
  4   4.85   1.200   0.000477   0.000477   0.007339    0.076855   0.000108    OK
  4   4.85   1.500   0.008084   0.008084   0.049714    0.202109   0.002310    OK
  4   4.85   2.000   0.063310   0.063310   0.176008    0.258850   0.027148    OK
  4   4.85   3.000   0.318787   0.318787   0.276654    0.064566   0.215422    OK
  4   4.85   4.000   0.539466   0.539466   0.154198    0.134126   0.417343    OK
  4   4.85   5.000   0.635061   0.635061   0.046451    0.079180   0.501843    OK
  4   4.85   5.750   0.651137   0.651137   0.000667    0.045204   0.509503    OK
  4   4.85   6.500   0.641182   0.641182   0.024555    0.023874   0.492640    OK
  4   4.85   8.000   0.586943   0.586943   0.042953    0.004257   0.431209    OK
  4   4.85  10.000   0.499089   0.499089   0.042675    0.002684   0.344826    OK
  4   4.85  12.000   0.420154   0.420154   0.035979    0.003588   0.274019    OK
  4   4.85  15.000   0.327543   0.327543   0.026154    0.002842   0.197516    OK
  4   4.85  20.000   0.226181   0.226181   0.015481    0.001540   0.121832    OK
  4   4.95   1.001   0.000000   0.000000   0.000000    0.000559   0.000000    OK
  4   4.95   1.010   0.000000   0.000000   0.000017    0.003570   0.000000    OK
  4   4.95   1.050   0.000007   0.000007   0.000432    0.017498   0.000001    OK
  4   4.95   1.100   0.000058   0.000058   0.001778    0.036618   0.000012    OK
  4   4.95   1.200   0.000488   0.000488   0.007512    0.078815   0.000108    OK
  4   4.95   1.500   0.008314   0.008314   0.051317    0.210439   0.002278    OK
  4   4.95   2.000   0.066006   0.066006   0.185448    0.280701   0.026779    OK
  4   4.95   3.000   0.340536   0.340536   0.301200    0.064590   0.219502    OK
  4   4.95   4.000   0.581975   0.581975   0.168995    0.147651   0.432783    OK
  4   4.95   5.000   0.686300   0.686300   0.050053    0.087381   0.522946    OK
  4   4.95   5.750   0.703166   0.703166   0.000349    0.049576   0.531108    OK
  4   4.95   6.500   0.691471   0.691471   0.027892    0.025911   0.513156    OK
  4   4.95   8.000   0.630906   0.630906   0.047574    0.004341   0.448087    OK
  4   4.95  10.000   0.534188   0.534188   0.046754    0.003128   0.357172    OK
  4   4.95  12.000   0.448008   0.448008   0.039153    0.004016   0.283089    OK
  4   4.95  15.000   0.347592   0.347592   0.028256    0.003128   0.203484    OK
  4   4.95  20.000   0.238532   0.238532   0.016584    0.001673   0.125213    OK

================================================================================
CERTIFICATE COMPUTATION — 2nd-deriv sub-interval bounds  [round-2 gaps closed]
================================================================================

Interval-wise M bounds (top 10 by bound):
  d=4, p=4.95, M=[6.5,8]: R_up(Mi)=0.69147, |dR/dM|(Mi)=0.02789, |d2R/dM2|(Mi)=0.02591, L_local=0.06676, gap=1.5, bound_M=0.74154
  d=4, p=4.95, M=[4,5]: R_up(Mi)=0.58197, |dR/dM|(Mi)=0.16899, |d2R/dM2|(Mi)=0.14765, L_local=0.31665, gap=1, bound_M=0.74030
  d=4, p=4.95, M=[5,5.75]: R_up(Mi)=0.68630, |dR/dM|(Mi)=0.05005, |d2R/dM2|(Mi)=0.08738, L_local=0.11559, gap=0.75, bound_M=0.72965
  d=4, p=4.95, M=[5.75,6.5]: R_up(Mi)=0.70317, |dR/dM|(Mi)=0.00035, |d2R/dM2|(Mi)=0.04958, L_local=0.03753, gap=0.75, bound_M=0.71724
  d=4, p=4.95, M=[8,10]: R_up(Mi)=0.63091, |dR/dM|(Mi)=0.04757, |d2R/dM2|(Mi)=0.00434, L_local=0.05626, gap=2, bound_M=0.68716
  d=4, p=4.85, M=[6.5,8]: R_up(Mi)=0.64118, |dR/dM|(Mi)=0.02456, |d2R/dM2|(Mi)=0.02387, L_local=0.06037, gap=1.5, bound_M=0.68646
  d=4, p=4.85, M=[4,5]: R_up(Mi)=0.53947, |dR/dM|(Mi)=0.15420, |d2R/dM2|(Mi)=0.13413, L_local=0.28832, gap=1, bound_M=0.68363
  d=4, p=4.85, M=[5,5.75]: R_up(Mi)=0.63506, |dR/dM|(Mi)=0.04645, |d2R/dM2|(Mi)=0.07918, L_local=0.10584, gap=0.75, bound_M=0.67475
  d=4, p=4.85, M=[5.75,6.5]: R_up(Mi)=0.65114, |dR/dM|(Mi)=0.00067, |d2R/dM2|(Mi)=0.04520, L_local=0.03457, gap=0.75, bound_M=0.66410
  d=4, p=4.85, M=[8,10]: R_up(Mi)=0.58694, |dR/dM|(Mi)=0.04295, |d2R/dM2|(Mi)=0.00426, L_local=0.05147, gap=2, bound_M=0.63841

Gap I9 — global certified L_p over ALL (d, p, M) grid points:
  max |dR/dp| = 0.53110757  achieved at d=4, p=4.95, M=5.75

max interval M-bound (2nd-deriv cert) : 0.74153971
global L_p (certified Arb, all M)     : 0.53110757
p-interpolation error L_p*dp/2        : 0.02655538
arb cert_bound                         : [0.76809508452076182661033481261573856330898176752098149878190 +/- 4.30e-60]
cert_bound upper estimate              : 0.76809508
Certified (bound < 1)                  : True

(Global over-conservative bound        : 1.4827  -- not used)
(2nd-deriv interval-wise bound         : 0.7681)

================================================================================
FINAL SUMMARY
================================================================================
Worst grid point: d=4, p=4.95, M=5.750
  R_val=0.703166, R_upper=0.703166
max L_M (global, certified Arb)        : 0.301200
global L_p (certified Arb, ALL M pts)  : 0.531108
  (maximised at d=4, p=4.95, M=5.75)
max interval M-bound (2nd-deriv cert)  : 0.741540
p-interpolation error                  : 0.026555
Certificate bound                      : 0.768095

CERTIFICATE [L1-ARB, round-2]: R(M,p,d) < 0.7681 < 1
  for ALL d in {2,3,4}, p in (d,d+1), M in [1.001,20].
  M-direction: sub-interval bound via 2nd-deriv (gap C3/I16 closed)
    L_local(i) = |dR/dM|(Mi) + |d2R/dM2|(Mi)*(M_{i+1}-Mi)
  p-direction: global L_p=0.5311 over ALL (d,p,M) points (gap I9 closed)
    delta_p=0.1, L_p certified Arb upper bound
  Final margin from 1: 0.2319 (23.2%)

CERTIFICATE PASSED
